# JRE version: OpenJDK Runtime Environment Temurin-21.0.4+7 (21.0.4+7) (build 21.0.4+7-LTS)
# Java VM: OpenJDK 64-Bit Server VM Temurin-21.0.4+7 (21.0.4+7-LTS, mixed mode, sharing, tiered, compressed oops, compressed class ptrs, g1 gc, windows-amd64)
GC Precious Log:
 CardTable entry size: 512
 Card Set container configuration: InlinePtr #cards 5 size 8 Array Of Cards #cards 12 size 40 Howl #buckets 4 coarsen threshold 1843 Howl Bitmap #cards 512 size 80 coarsen threshold 460 Card regions per heap region 1 cards per card region 2048
 CPUs: 8 total, 8 available
 Memory: 7907M
 Large Page Support: Disabled
 NUMA Support: Disabled
 Compressed Oops: Enabled (32-bit)
 Heap Region Size: 1M
 Heap Min Capacity: 256M
 Heap Initial Capacity: 256M
 Heap Max Capacity: 512M
 Pre-touch: Disabled
 Parallel Workers: 8
 Concurrent Workers: 2
 Concurrent Refinement Workers: 8
 Periodic GC: Disabled
Heap:
 garbage-first heap   total 262144K, used 154333K [0x00000000e0000000, 0x0000000100000000)
  region size 1024K, 114 young (116736K), 12 survivors (12288K)
 Metaspace       used 62110K, committed 64064K, reserved 393216K
  class space    used 8966K, committed 9920K, reserved 327680K
GC Heap History (20 events):
Event: 0.426 GC heap before
{Heap before GC invocations=0 (full 0):
 garbage-first heap   total 262144K, used 26624K [0x00000000e0000000, 0x0000000100000000)
  region size 1024K, 23 young (23552K), 0 survivors (0K)
 Metaspace       used 2151K, committed 2368K, reserved 393216K
  class space    used 233K, committed 320K, reserved 327680K
}
Event: 0.429 GC heap after
{Heap after GC invocations=1 (full 0):
 garbage-first heap   total 262144K, used 11161K [0x00000000e0000000, 0x0000000100000000)
  region size 1024K, 3 young (3072K), 3 survivors (3072K)
 Metaspace       used 2151K, committed 2368K, reserved 393216K
  class space    used 233K, committed 320K, reserved 327680K
}
Event: 0.811 GC heap before
{Heap before GC invocations=1 (full 0):
 garbage-first heap   total 262144K, used 39833K [0x00000000e0000000, 0x0000000100000000)
  region size 1024K, 31 young (31744K), 3 survivors (3072K)
 Metaspace       used 4207K, committed 4416K, reserved 393216K
  class space    used 521K, committed 640K, reserved 327680K
}
Event: 0.813 GC heap after
{Heap after GC invocations=2 (full 0):
 garbage-first heap   total 262144K, used 12552K [0x00000000e0000000, 0x0000000100000000)
  region size 1024K, 2 young (2048K), 2 survivors (2048K)
 Metaspace       used 4207K, committed 4416K, reserved 393216K
  class space    used 521K, committed 640K, reserved 327680K
}
Event: 2.232 GC heap before
{Heap before GC invocations=2 (full 0):
 garbage-first heap   total 262144K, used 118024K [0x00000000e0000000, 0x0000000100000000)
  region size 1024K, 103 young (105472K), 2 survivors (2048K)
 Metaspace       used 19358K, committed 19904K, reserved 393216K
  class space    used 2762K, committed 3008K, reserved 327680K
}
Event: 2.238 GC heap after
{Heap after GC invocations=3 (full 0):
 garbage-first heap   total 262144K, used 23857K [0x00000000e0000000, 0x0000000100000000)
  region size 1024K, 12 young (12288K), 12 survivors (12288K)
 Metaspace       used 19358K, committed 19904K, reserved 393216K
  class space    used 2762K, committed 3008K, reserved 327680K
}
Event: 2.372 GC heap before
{Heap before GC invocations=3 (full 0):
 garbage-first heap   total 262144K, used 36145K [0x00000000e0000000, 0x0000000100000000)
  region size 1024K, 25 young (25600K), 12 survivors (12288K)
 Metaspace       used 20856K, committed 21504K, reserved 393216K
  class space    used 3019K, committed 3328K, reserved 327680K
}
Event: 2.375 GC heap after
{Heap after GC invocations=4 (full 0):
 garbage-first heap   total 262144K, used 25588K [0x00000000e0000000, 0x0000000100000000)
  region size 1024K, 12 young (12288K), 12 survivors (12288K)
 Metaspace       used 20856K, committed 21504K, reserved 393216K
  class space    used 3019K, committed 3328K, reserved 327680K
}
Event: 3.320 GC heap before
{Heap before GC invocations=5 (full 0):
 garbage-first heap   total 262144K, used 132084K [0x00000000e0000000, 0x0000000100000000)
  region size 1024K, 118 young (120832K), 12 survivors (12288K)
 Metaspace       used 34766K, committed 35968K, reserved 393216K
  class space    used 4977K, committed 5568K, reserved 327680K
}
Event: 3.331 GC heap after
{Heap after GC invocations=6 (full 0):
 garbage-first heap   total 262144K, used 33240K [0x00000000e0000000, 0x0000000100000000)
  region size 1024K, 10 young (10240K), 10 survivors (10240K)
 Metaspace       used 34766K, committed 35968K, reserved 393216K
  class space    used 4977K, committed 5568K, reserved 327680K
}
Event: 3.392 GC heap before
{Heap before GC invocations=6 (full 0):
 garbage-first heap   total 262144K, used 34264K [0x00000000e0000000, 0x0000000100000000)
  region size 1024K, 13 young (13312K), 10 survivors (10240K)
 Metaspace       used 35093K, committed 36288K, reserved 393216K
  class space    used 5032K, committed 5632K, reserved 327680K
}
Event: 3.398 GC heap after
{Heap after GC invocations=7 (full 0):
 garbage-first heap   total 262144K, used 32784K [0x00000000e0000000, 0x0000000100000000)
  region size 1024K, 9 young (9216K), 9 survivors (9216K)
 Metaspace       used 35093K, committed 36288K, reserved 393216K
  class space    used 5032K, committed 5632K, reserved 327680K
}
Event: 3.454 GC heap before
{Heap before GC invocations=7 (full 0):
 garbage-first heap   total 262144K, used 36880K [0x00000000e0000000, 0x0000000100000000)
  region size 1024K, 14 young (14336K), 9 survivors (9216K)
 Metaspace       used 35413K, committed 36608K, reserved 393216K
  class space    used 5100K, committed 5696K, reserved 327680K
}
Event: 3.458 GC heap after
{Heap after GC invocations=8 (full 0):
 garbage-first heap   total 262144K, used 33203K [0x00000000e0000000, 0x0000000100000000)
  region size 1024K, 10 young (10240K), 10 survivors (10240K)
 Metaspace       used 35413K, committed 36608K, reserved 393216K
  class space    used 5100K, committed 5696K, reserved 327680K
}
Event: 5.633 GC heap before
{Heap before GC invocations=9 (full 0):
 garbage-first heap   total 262144K, used 185779K [0x00000000e0000000, 0x0000000100000000)
  region size 1024K, 153 young (156672K), 10 survivors (10240K)
 Metaspace       used 51323K, committed 53056K, reserved 393216K
  class space    used 7440K, committed 8320K, reserved 327680K
}
Event: 5.642 GC heap after
{Heap after GC invocations=10 (full 0):
 garbage-first heap   total 262144K, used 40979K [0x00000000e0000000, 0x0000000100000000)
  region size 1024K, 17 young (17408K), 17 survivors (17408K)
 Metaspace       used 51323K, committed 53056K, reserved 393216K
  class space    used 7440K, committed 8320K, reserved 327680K
}
Event: 7.357 GC heap before
{Heap before GC invocations=10 (full 0):
 garbage-first heap   total 262144K, used 179219K [0x00000000e0000000, 0x0000000100000000)
  region size 1024K, 153 young (156672K), 17 survivors (17408K)
 Metaspace       used 58520K, committed 60480K, reserved 393216K
  class space    used 8422K, committed 9408K, reserved 327680K
}
Event: 7.370 GC heap after
{Heap after GC invocations=11 (full 0):
 garbage-first heap   total 262144K, used 50082K [0x00000000e0000000, 0x0000000100000000)
  region size 1024K, 19 young (19456K), 19 survivors (19456K)
 Metaspace       used 58520K, committed 60480K, reserved 393216K
  class space    used 8422K, committed 9408K, reserved 327680K
}
Event: 7.488 GC heap before
{Heap before GC invocations=11 (full 0):
 garbage-first heap   total 262144K, used 60322K [0x00000000e0000000, 0x0000000100000000)
  region size 1024K, 30 young (30720K), 19 survivors (19456K)
 Metaspace       used 59178K, committed 61120K, reserved 393216K
  class space    used 8539K, committed 9536K, reserved 327680K
}
Event: 7.494 GC heap after
{Heap after GC invocations=12 (full 0):
 garbage-first heap   total 262144K, used 51933K [0x00000000e0000000, 0x0000000100000000)
  region size 1024K, 12 young (12288K), 12 survivors (12288K)
 Metaspace       used 59178K, committed 61120K, reserved 393216K
  class space    used 8539K, committed 9536K, reserved 327680K
}

